Starting script with Python paths:
API_PATH: C:\Users\james\AppData\Local\Autodesk\webdeploy\production\30c9d5533837458c62c42054f4d8a9dcee4200a0\Api
PYTHON_PATH: C:\Users\james\AppData\Local\Autodesk\webdeploy\production\30c9d5533837458c62c42054f4d8a9dcee4200a0\Python
Successfully imported Fusion 360 modules


=== Starting new run ===
Getting Fusion application...
Got Fusion UI interface
Looking in directory: C:\Users\james\Documents\DownloadedModels
Found files: ['Coin 1.stl', 'Cylinder', 'Salt and Pepper Stopppe', 'Square.obj', 'Square2.obj', 'Tourus.obj']
Attempting to open: C:\Users\james\Documents\DownloadedModels\Salt and Pepper Stopppe
Closing open documents...
General error: Traceback (most recent call last):
  File "C:\Users\james\Desktop\AssetManagerTom2\AssetManager\AssetManager.Core\Fusion\FusionAddIn\FusionAddIn.py", line 81, in run
    for doc in app.documents:
TypeError: 'Documents' object is not iterable

Starting script with Python paths:
API_PATH: C:\Users\james\AppData\Local\Autodesk\webdeploy\production\30c9d5533837458c62c42054f4d8a9dcee4200a0\Api
PYTHON_PATH: C:\Users\james\AppData\Local\Autodesk\webdeploy\production\30c9d5533837458c62c42054f4d8a9dcee4200a0\Python
Successfully imported Fusion 360 modules


=== Starting new run ===
Getting Fusion application...
Got Fusion UI interface
Looking in directory: C:\Users\james\Documents\DownloadedModels
Found files: ['Coin 1.stl', 'Cylinder', 'Salt and Pepper Stopppe', 'sample (2).glb', 'Square.obj', 'Square2.obj', 'Tourus.obj']
Attempting to open: C:\Users\james\Documents\DownloadedModels\sample (2).glb
Closing open documents...
Documents closed
File extension: .glb
Opening non-native file...
Unsupported file type: .glb
Starting script with Python paths:
API_PATH: C:\Users\james\AppData\Local\Autodesk\webdeploy\production\30c9d5533837458c62c42054f4d8a9dcee4200a0\Api
PYTHON_PATH: C:\Users\james\AppData\Local\Autodesk\webdeploy\production\30c9d5533837458c62c42054f4d8a9dcee4200a0\Python
Successfully imported Fusion 360 modules


=== Starting new run ===
Getting Fusion application...
Got Fusion UI interface
Looking in directory: C:\Users\james\Documents\DownloadedModels
Found files: ['Coin 1.stl', 'Cylinder', 'Salt and Pepper Stopppe', 'sample (2).glb', 'Square.obj', 'Square2.obj', 'Tourus.obj']
Attempting to open: C:\Users\james\Documents\DownloadedModels\Square2.obj
Closing open documents...
Documents closed
File extension: .obj
Opening non-native file...
Creating OBJ import options...
Error opening document: 'ImportManager' object has no attribute 'createOBJImportOptions'
Traceback (most recent call last):
  File "C:\Users\james\Desktop\AssetManagerTom2\AssetManager\AssetManager.Core\Fusion\FusionAddIn\FusionAddIn.py", line 111, in run
    options = importManager.createOBJImportOptions(file_path)
              ^^^^^^^^^^^^^^^^^^^^^^^^^^^^^^^^^^^^
AttributeError: 'ImportManager' object has no attribute 'createOBJImportOptions'. Did you mean: 'createSATImportOptions'?

General error: Traceback (most recent call last):
  File "C:\Users\james\Desktop\AssetManagerTom2\AssetManager\AssetManager.Core\Fusion\FusionAddIn\FusionAddIn.py", line 111, in run
    options = importManager.createOBJImportOptions(file_path)
              ^^^^^^^^^^^^^^^^^^^^^^^^^^^^^^^^^^^^
AttributeError: 'ImportManager' object has no attribute 'createOBJImportOptions'. Did you mean: 'createSATImportOptions'?

Successfully imported Fusion 360 modules


=== Starting new run ===
Getting Fusion application...
Looking in directory: C:\Users\james\Documents\DownloadedModels
Attempting to open: C:\Users\james\Documents\DownloadedModels\Square2.obj
Closing open documents...
Documents closed
Creating new document...
General error: Traceback (most recent call last):
  File "C:\Users\james\Desktop\AssetManagerTom2\AssetManager\AssetManager.Core\Fusion\FusionAddIn\FusionAddIn.py", line 71, in run
    doc = app.documents.add(adsk.core.DocumentTypes.FusionDesignDocumentType)
          ^^^^^^^^^^^^^^^^^^^^^^^^^^^^^^^^^^^^^^^^^^^^^^^^^^^^^^^^^^^^^^^^^^^
TypeError: Documents.add() missing 2 required positional arguments: 'visible' and 'options'

Main error: Traceback (most recent call last):
  File "C:\Users\james\Desktop\AssetManagerTom2\AssetManager\AssetManager.Core\Fusion\FusionAddIn\FusionAddIn.py", line 71, in run
    doc = app.documents.add(adsk.core.DocumentTypes.FusionDesignDocumentType)
          ^^^^^^^^^^^^^^^^^^^^^^^^^^^^^^^^^^^^^^^^^^^^^^^^^^^^^^^^^^^^^^^^^^^
TypeError: Documents.add() missing 2 required positional arguments: 'visible' and 'options'

During handling of the above exception, another exception occurred:

Traceback (most recent call last):
  File "C:\Users\james\Desktop\AssetManagerTom2\AssetManager\AssetManager.Core\Fusion\FusionAddIn\FusionAddIn.py", line 127, in <module>
    run(None)
  File "C:\Users\james\Desktop\AssetManagerTom2\AssetManager\AssetManager.Core\Fusion\FusionAddIn\FusionAddIn.py", line 114, in run
    ui.messageBox(f'Failed:\n{traceback.format_exc()}', 'Error')
TypeError: UserInterface.messageBox() missing 2 required positional arguments: 'buttons' and 'icon'

Successfully imported Fusion 360 modules


=== Starting new run ===
Getting Fusion application...
Looking in directory: C:\Users\james\Documents\DownloadedModels
Attempting to open: C:\Users\james\Documents\DownloadedModels\model.obj
Closing open documents...
Documents closed
Creating new document...
General error: Traceback (most recent call last):
  File "C:\Users\james\Desktop\AssetManagerTom2\AssetManager\AssetManager.Core\Fusion\FusionAddIn\FusionAddIn.py", line 80, in run
    doc = app.documents.add(documentTypes.FusionDesignDocumentType, True)
          ^^^^^^^^^^^^^^^^^^^^^^^^^^^^^^^^^^^^^^^^^^^^^^^^^^^^^^^^^^^^^^^
TypeError: Documents.add() missing 1 required positional argument: 'options'

Successfully imported Fusion 360 modules


=== Starting new run ===
Getting Fusion application...
Looking in directory: C:\Users\james\Documents\DownloadedModels
Attempting to open: C:\Users\james\Documents\DownloadedModels\Square2.obj
Closing open documents...
Documents closed
Creating new document...
General error: Traceback (most recent call last):
  File "C:\Users\james\Desktop\AssetManagerTom2\AssetManager\AssetManager.Core\Fusion\FusionAddIn\FusionAddIn.py", line 76, in run
    docOptions = app.documents.createFusionNewDocumentOptions()
                 ^^^^^^^^^^^^^^^^^^^^^^^^^^^^^^^^^^^^^^^^^^^^
AttributeError: 'Documents' object has no attribute 'createFusionNewDocumentOptions'

Successfully imported Fusion 360 modules


=== Starting new run ===
Getting Fusion application...
Looking in directory: C:\Users\james\Documents\DownloadedModels
Attempting to open: C:\Users\james\Documents\DownloadedModels\Tourus.obj
Closing open documents...
Documents closed
Creating new document...
General error: Traceback (most recent call last):
  File "C:\Users\james\Desktop\AssetManagerTom2\AssetManager\AssetManager.Core\Fusion\FusionAddIn\FusionAddIn.py", line 76, in run
    doc = app.documents.add(adsk.core.DocumentTypes.FusionDesignDocumentType)
          ^^^^^^^^^^^^^^^^^^^^^^^^^^^^^^^^^^^^^^^^^^^^^^^^^^^^^^^^^^^^^^^^^^^
TypeError: Documents.add() missing 2 required positional arguments: 'visible' and 'options'

Successfully imported Fusion 360 modules


=== Starting new run ===
Getting Fusion application...
Looking in directory: C:\Users\james\Documents\DownloadedModels
Attempting to open: C:\Users\james\Documents\DownloadedModels\Tourus.obj
Closing open documents...
Documents closed
Creating new document...
General error: Traceback (most recent call last):
  File "C:\Users\james\Desktop\AssetManagerTom2\AssetManager\AssetManager.Core\Fusion\FusionAddIn\FusionAddIn.py", line 76, in run
    newDocumentOptions = adsk.core.NewDocumentOptions.create()
                         ^^^^^^^^^^^^^^^^^^^^^^^^^^^^
AttributeError: module 'adsk.core' has no attribute 'NewDocumentOptions'

Successfully imported Fusion 360 modules


=== Starting new run ===
Getting Fusion application...
Looking in directory: C:\Users\james\Documents\DownloadedModels
Attempting to open: C:\Users\james\Documents\DownloadedModels\Tourus.obj
Closing open documents...
Documents closed
Attempting direct import...
Error during import: 'ImportManager' object has no attribute 'createMeshImportOptions'
Traceback (most recent call last):
  File "C:\Users\james\Desktop\AssetManagerTom2\AssetManager\AssetManager.Core\Fusion\FusionAddIn\FusionAddIn.py", line 77, in run
    meshImportOptions = importManager.createMeshImportOptions(file_path)
                        ^^^^^^^^^^^^^^^^^^^^^^^^^^^^^^^^^^^^^
AttributeError: 'ImportManager' object has no attribute 'createMeshImportOptions'. Did you mean: 'createIGESImportOptions'?

General error: Traceback (most recent call last):
  File "C:\Users\james\Desktop\AssetManagerTom2\AssetManager\AssetManager.Core\Fusion\FusionAddIn\FusionAddIn.py", line 77, in run
    meshImportOptions = importManager.createMeshImportOptions(file_path)
                        ^^^^^^^^^^^^^^^^^^^^^^^^^^^^^^^^^^^^^
AttributeError: 'ImportManager' object has no attribute 'createMeshImportOptions'. Did you mean: 'createIGESImportOptions'?

Successfully imported Fusion 360 modules


=== Starting new run ===
Getting Fusion application...
Looking in directory: C:\Users\james\Documents\DownloadedModels
Attempting to open: C:\Users\james\Documents\DownloadedModels\Square2.obj
Closing open documents...
Documents closed
Creating new document...
Error during import: 'Product' object has no attribute 'rootComponent'
Traceback (most recent call last):
  File "C:\Users\james\Desktop\AssetManagerTom2\AssetManager\AssetManager.Core\Fusion\FusionAddIn\FusionAddIn.py", line 89, in run
    rootComp = design.rootComponent
               ^^^^^^^^^^^^^^^^^^^^
AttributeError: 'Product' object has no attribute 'rootComponent'

General error: Traceback (most recent call last):
  File "C:\Users\james\Desktop\AssetManagerTom2\AssetManager\AssetManager.Core\Fusion\FusionAddIn\FusionAddIn.py", line 89, in run
    rootComp = design.rootComponent
               ^^^^^^^^^^^^^^^^^^^^
AttributeError: 'Product' object has no attribute 'rootComponent'

Successfully imported Fusion 360 modules


=== Starting new run ===
Getting Fusion application...
Looking in directory: C:\Users\james\Documents\DownloadedModels
Attempting to open: C:\Users\james\Documents\DownloadedModels\Square2.obj
Closing open documents...
Documents closed
Creating new document...
Starting import process...
Creating import options...
Error during import: 'ImportManager' object has no attribute 'createSTLImportOptions'
Traceback (most recent call last):
  File "C:\Users\james\Desktop\AssetManagerTom2\AssetManager\AssetManager.Core\Fusion\FusionAddIn\FusionAddIn.py", line 97, in run
    importOptions = importManager.createSTLImportOptions(file_path)
                    ^^^^^^^^^^^^^^^^^^^^^^^^^^^^^^^^^^^^
AttributeError: 'ImportManager' object has no attribute 'createSTLImportOptions'. Did you mean: 'createSATImportOptions'?

General error: Traceback (most recent call last):
  File "C:\Users\james\Desktop\AssetManagerTom2\AssetManager\AssetManager.Core\Fusion\FusionAddIn\FusionAddIn.py", line 97, in run
    importOptions = importManager.createSTLImportOptions(file_path)
                    ^^^^^^^^^^^^^^^^^^^^^^^^^^^^^^^^^^^^
AttributeError: 'ImportManager' object has no attribute 'createSTLImportOptions'. Did you mean: 'createSATImportOptions'?

Successfully imported Fusion 360 modules


=== Starting new run ===
Getting Fusion application...
Looking in directory: C:\Users\james\Documents\DownloadedModels
Attempting to open: C:\Users\james\Documents\DownloadedModels\Square2.obj
Closing open documents...
Documents closed
Creating new document...
Starting import process...
Getting available import types...
Found import method: createDXF2DImportOptions
Found import method: createFusionArchiveImportOptions
Found import method: createIGESImportOptions
Found import method: createSATImportOptions
Found import method: createSMTImportOptions
Found import method: createSTEPImportOptions
Attempting to insert mesh...
Found InsertMesh command
Error during import: CommandDefinition.execute() missing 1 required positional argument: 'input'
Traceback (most recent call last):
  File "C:\Users\james\Desktop\AssetManagerTom2\AssetManager\AssetManager.Core\Fusion\FusionAddIn\FusionAddIn.py", line 110, in run
    insertCommand.execute()
TypeError: CommandDefinition.execute() missing 1 required positional argument: 'input'

General error: Traceback (most recent call last):
  File "C:\Users\james\Desktop\AssetManagerTom2\AssetManager\AssetManager.Core\Fusion\FusionAddIn\FusionAddIn.py", line 110, in run
    insertCommand.execute()
TypeError: CommandDefinition.execute() missing 1 required positional argument: 'input'

Successfully imported Fusion 360 modules


=== Starting new run ===
Getting Fusion application...
Looking in directory: C:\Users\james\Documents\DownloadedModels
Attempting to open: C:\Users\james\Documents\DownloadedModels\Square2.obj
Closing open documents...
Documents closed
Creating new document...
Starting import process...
Creating SMT import options...
Importing to target...
Import completed
Successfully imported Fusion 360 modules


=== Starting new run ===
Getting Fusion application...
Looking in directory: C:\Users\james\Documents\DownloadedModels
Attempting to open: C:\Users\james\Documents\DownloadedModels\Square2.obj
Closing open documents...
Documents closed
Creating new document...
Starting import process...
Creating SMT import options...
Importing to target...
Import completed
Successfully imported Fusion 360 modules


=== Starting new run ===
Getting Fusion application...
Looking in directory: C:\Users\james\Documents\DownloadedModels
Attempting to open: C:\Users\james\Documents\DownloadedModels\Tourus.obj
Closing open documents...
Documents closed
Creating new document...
Starting import process...
Creating SMT import options...
Importing to target...
Import completed
Successfully imported Fusion 360 modules


=== Starting new run ===
Getting Fusion application...
Looking in directory: C:\Users\james\Documents\DownloadedModels
Attempting to open: C:\Users\james\Documents\DownloadedModels\Tourus.obj
Closing open documents...
Documents closed
Creating new document...
Starting import process...
Creating SMT import options...
Importing to target...
Import completed
Successfully imported Fusion 360 modules


=== Starting new run ===
Getting Fusion application...
Looking in directory: C:\Users\james\Documents\DownloadedModels
Attempting to open: C:\Users\james\Documents\DownloadedModels\Tourus.obj
Closing open documents...
Documents closed
Creating new document...
Starting import process...
Creating SMT import options...
Importing to target...
Import completed
Successfully imported Fusion 360 modules


=== Starting new run ===
Getting Fusion application...
Looking in directory: C:\Users\james\Documents\DownloadedModels
Attempting to open: C:\Users\james\Documents\DownloadedModels\Square2.obj
Closing open documents...
Documents closed
Creating new document...
Starting import process...
Creating SMT import options...
Importing to target...
Import completed
Successfully imported Fusion 360 modules


=== Starting new run ===
Getting Fusion application...
Looking in directory: C:\Users\james\Documents\DownloadedModels
Attempting to open: C:\Users\james\Documents\DownloadedModels\Square2.obj
Closing open documents...
Documents closed
Creating new document...
Starting import process...
Creating SMT import options...
Importing to target...
Import completed


=== Starting new run ===
Checking if Fusion 360 is running...
Launching Fusion 360...
Launching Fusion 360 from: C:\Users\james\AppData\Local\Autodesk\webdeploy\production\30c9d5533837458c62c42054f4d8a9dcee4200a0\Fusion360.exe
Fusion 360 detected as running after 0 seconds
Fusion 360 launched and initialized
Successfully imported Fusion modules
Getting Fusion application...
Looking in directory: C:\Users\james\Documents\DownloadedModels
Attempting to open: C:\Users\james\Documents\DownloadedModels\Tourus.obj
Closing open documents...
Documents closed
Creating new document...
Starting import process...
Attempting STEP import...
Import completed
Number of bodies: 0
Number of mesh bodies: 0
No bodies found after import
Error during import: Import completed but no bodies found
Traceback (most recent call last):
  File "C:\Users\james\Desktop\AssetManagerTom2\AssetManager\AssetManager.Core\Fusion\FusionAddIn\FusionAddIn.py", line 157, in run
    raise Exception("Import completed but no bodies found")
Exception: Import completed but no bodies found

General error: Traceback (most recent call last):
  File "C:\Users\james\Desktop\AssetManagerTom2\AssetManager\AssetManager.Core\Fusion\FusionAddIn\FusionAddIn.py", line 157, in run
    raise Exception("Import completed but no bodies found")
Exception: Import completed but no bodies found



=== Starting new run ===
Checking if Fusion 360 is running...
Fusion 360 is already running
Successfully imported Fusion modules
Getting Fusion application...
Looking in directory: C:\Users\james\Documents\DownloadedModels
Attempting to open: C:\Users\james\Documents\DownloadedModels\Tourus.obj
Closing open documents...
Documents closed
Creating new document...
Starting import process...
Attempting STEP import...
Import completed
Number of bodies: 0
Number of mesh bodies: 0
No bodies found after import
Error during import: Import completed but no bodies found
Traceback (most recent call last):
  File "C:\Users\james\Desktop\AssetManagerTom2\AssetManager\AssetManager.Core\Fusion\FusionAddIn\FusionAddIn.py", line 157, in run
    raise Exception("Import completed but no bodies found")
Exception: Import completed but no bodies found

General error: Traceback (most recent call last):
  File "C:\Users\james\Desktop\AssetManagerTom2\AssetManager\AssetManager.Core\Fusion\FusionAddIn\FusionAddIn.py", line 157, in run
    raise Exception("Import completed but no bodies found")
Exception: Import completed but no bodies found



=== Starting new run ===
Checking if Fusion 360 is running...
Launching Fusion 360...
Launching Fusion 360 from: C:\Users\james\AppData\Local\Autodesk\webdeploy\production\30c9d5533837458c62c42054f4d8a9dcee4200a0\Fusion360.exe
Fusion 360 detected as running after 0 seconds
Fusion 360 launched and initialized
Successfully imported Fusion modules
Looking in directory: C:\Users\james\Documents\DownloadedModels
File to open: C:\Users\james\Documents\DownloadedModels\Tourus.obj
Found import command
Error during import: CommandDefinition.execute() missing 1 required positional argument: 'input'
Traceback (most recent call last):
  File "C:\Users\james\Desktop\AssetManagerTom2\AssetManager\AssetManager.Core\Fusion\FusionAddIn\FusionAddIn.py", line 107, in run
    cmdDef.execute()
TypeError: CommandDefinition.execute() missing 1 required positional argument: 'input'

General error: Traceback (most recent call last):
  File "C:\Users\james\Desktop\AssetManagerTom2\AssetManager\AssetManager.Core\Fusion\FusionAddIn\FusionAddIn.py", line 107, in run
    cmdDef.execute()
TypeError: CommandDefinition.execute() missing 1 required positional argument: 'input'



=== Starting new run ===
Checking if Fusion 360 is running...
Fusion 360 is already running
Successfully imported Fusion modules
Looking in directory: C:\Users\james\Documents\DownloadedModels
File to open: C:\Users\james\Documents\DownloadedModels\Tourus.obj
Found import command
Error during import: CommandDefinition.execute() missing 1 required positional argument: 'input'
Traceback (most recent call last):
  File "C:\Users\james\Desktop\AssetManagerTom2\AssetManager\AssetManager.Core\Fusion\FusionAddIn\FusionAddIn.py", line 107, in run
    cmdDef.execute()
TypeError: CommandDefinition.execute() missing 1 required positional argument: 'input'

General error: Traceback (most recent call last):
  File "C:\Users\james\Desktop\AssetManagerTom2\AssetManager\AssetManager.Core\Fusion\FusionAddIn\FusionAddIn.py", line 107, in run
    cmdDef.execute()
TypeError: CommandDefinition.execute() missing 1 required positional argument: 'input'



=== Starting new run ===
Checking if Fusion 360 is running...
Fusion 360 is already running
Looking in directory: C:\Users\james\Documents\DownloadedModels
File to open: C:\Users\james\Documents\DownloadedModels\Tourus.obj
Launching Fusion with file: C:\Users\james\Documents\DownloadedModels\Tourus.obj
Launch command sent
Process completed
